-------------------------------------------------------------------------------
Test set: ua.org.code.DbTestCase
-------------------------------------------------------------------------------
Tests run: 1, Failures: 0, Errors: 1, Skipped: 0, Time elapsed: 0.493 sec <<< FAILURE!
shouldListUsers(ua.org.code.DbTestCase)  Time elapsed: 0.059 sec  <<< ERROR!
java.lang.RuntimeException: Could not create dataset for test 'shouldListUsers'.
	at com.github.database.rider.core.RiderRunner.runBeforeTest(RiderRunner.java:46)
	at com.github.database.rider.core.DBUnitRule$1.evaluate(DBUnitRule.java:73)
	at com.github.database.rider.core.util.EntityManagerProvider$1.evaluate(EntityManagerProvider.java:243)
	at org.junit.rules.RunRules.evaluate(RunRules.java:20)
	at org.junit.runners.ParentRunner.runLeaf(ParentRunner.java:325)
	at org.junit.runners.BlockJUnit4ClassRunner.runChild(BlockJUnit4ClassRunner.java:78)
	at org.junit.runners.BlockJUnit4ClassRunner.runChild(BlockJUnit4ClassRunner.java:57)
	at org.junit.runners.ParentRunner$3.run(ParentRunner.java:290)
	at org.junit.runners.ParentRunner$1.schedule(ParentRunner.java:71)
	at org.junit.runners.ParentRunner.runChildren(ParentRunner.java:288)
	at org.junit.runners.ParentRunner.access$000(ParentRunner.java:58)
	at org.junit.runners.ParentRunner$2.evaluate(ParentRunner.java:268)
	at org.junit.runners.ParentRunner.run(ParentRunner.java:363)
	at org.apache.maven.surefire.junit4.JUnit4Provider.execute(JUnit4Provider.java:252)
	at org.apache.maven.surefire.junit4.JUnit4Provider.executeTestSet(JUnit4Provider.java:141)
	at org.apache.maven.surefire.junit4.JUnit4Provider.invoke(JUnit4Provider.java:112)
	at java.base/jdk.internal.reflect.NativeMethodAccessorImpl.invoke0(Native Method)
	at java.base/jdk.internal.reflect.NativeMethodAccessorImpl.invoke(NativeMethodAccessorImpl.java:78)
	at java.base/jdk.internal.reflect.DelegatingMethodAccessorImpl.invoke(DelegatingMethodAccessorImpl.java:43)
	at java.base/java.lang.reflect.Method.invoke(Method.java:567)
	at org.apache.maven.surefire.util.ReflectionUtils.invokeMethodWithArray(ReflectionUtils.java:189)
	at org.apache.maven.surefire.booter.ProviderFactory$ProviderProxy.invoke(ProviderFactory.java:165)
	at org.apache.maven.surefire.booter.ProviderFactory.invokeProvider(ProviderFactory.java:85)
	at org.apache.maven.surefire.booter.ForkedBooter.runSuitesInProcess(ForkedBooter.java:115)
	at org.apache.maven.surefire.booter.ForkedBooter.main(ForkedBooter.java:75)
Caused by: com.github.database.rider.core.exception.DataBaseSeedingException: Could not initialize dataset: dataset/users.yml
	at com.github.database.rider.core.dataset.DataSetExecutorImpl.createDataSet(DataSetExecutorImpl.java:141)
	at com.github.database.rider.core.RiderRunner.runBeforeTest(RiderRunner.java:44)
	... 24 more
Caused by: org.dbunit.dataset.DataSetException: Exception while searching the dependent tables.
	at com.github.database.rider.core.api.dataset.RiderSequenceFilter.sortTableNames(RiderSequenceFilter.java:72)
	at com.github.database.rider.core.api.dataset.RiderSequenceFilter.<init>(RiderSequenceFilter.java:34)
	at com.github.database.rider.core.dataset.DataSetExecutorImpl.performSequenceFiltering(DataSetExecutorImpl.java:328)
	at com.github.database.rider.core.dataset.DataSetExecutorImpl.createDataSet(DataSetExecutorImpl.java:128)
	... 25 more
Caused by: org.dbunit.util.search.SearchException: org.dbunit.dataset.NoSuchTableException: The table 'ROLE' does not exist in schema 'null'
	at org.dbunit.database.search.AbstractMetaDataBasedSearchCallback.getNodes(AbstractMetaDataBasedSearchCallback.java:154)
	at org.dbunit.database.search.AbstractMetaDataBasedSearchCallback.getNodesFromImportedKeys(AbstractMetaDataBasedSearchCallback.java:99)
	at org.dbunit.database.search.ImportedKeysSearchCallback.getEdges(ImportedKeysSearchCallback.java:53)
	at org.dbunit.util.search.DepthFirstSearch.reverseSearch(DepthFirstSearch.java:264)
	at org.dbunit.util.search.DepthFirstSearch.search(DepthFirstSearch.java:148)
	at org.dbunit.util.search.DepthFirstSearch.search(DepthFirstSearch.java:104)
	at org.dbunit.database.search.TablesDependencyHelper.getDependentTables(TablesDependencyHelper.java:92)
	at org.dbunit.database.search.TablesDependencyHelper.getDependentTables(TablesDependencyHelper.java:73)
	at com.github.database.rider.core.api.dataset.RiderSequenceFilter.getDependencyInfo(RiderSequenceFilter.java:175)
	at com.github.database.rider.core.api.dataset.RiderSequenceFilter.sortTableNames(RiderSequenceFilter.java:68)
	... 28 more
Caused by: org.dbunit.dataset.NoSuchTableException: The table 'ROLE' does not exist in schema 'null'
	at org.dbunit.database.search.AbstractMetaDataBasedSearchCallback.getNodes(AbstractMetaDataBasedSearchCallback.java:186)
	at org.dbunit.database.search.AbstractMetaDataBasedSearchCallback.getNodes(AbstractMetaDataBasedSearchCallback.java:149)
	... 37 more

